#
# A fatal error has been detected by the Java Runtime Environment:
#
#  EXCEPTION_ACCESS_VIOLATION (0xc0000005) at pc=0x000001e9bbcc1066, pid=8552, tid=0x0000000000004a7c
#
# JRE version: OpenJDK Runtime Environment (8.0_345-b01) (build 1.8.0_345-b01)
# Java VM: OpenJDK 64-Bit Server VM (25.345-b01 mixed mode windows-amd64 compressed oops)
# Problematic frame:
# C  [OpenAL64.dll+0x11066]
#
# Failed to write core dump. Minidumps are not enabled by default on client versions of Windows
#
# If you would like to submit a bug report, please visit:
#   https://github.com/adoptium/adoptium-support/issues
# The crash happened outside the Java Virtual Machine in native code.
# See problematic frame for where to report the bug.
#

---------------  T H R E A D  ---------------

Current thread (0x000001e9990e9800):  JavaThread "main" [_thread_in_native, id=19068, stack(0x000000cc58900000,0x000000cc58a00000)]

siginfo: ExceptionCode=0xc0000005, reading address 0x000001e9b9b2d004

Registers:
RAX=0x0000000000000004, RBX=0x000001e9bbe10090, RCX=0x000001e9b9b2d008, RDX=0x000001e9b9b2d004
RSP=0x000000cc589fccf0, RBP=0x00000000000000ff, RSI=0x000001e9b9b220ec, RDI=0x0000000000000000
R8 =0x0000000000002bc6, R9 =0x000001e9b9b220ec, R10=0x000001e99ac49622, R11=0x00000000637f57b0
R12=0x0000000000000001, R13=0x000001e9bbace8e0, R14=0x000000cc589fce90, R15=0x000001e9990e9800
RIP=0x000001e9bbcc1066, EFLAGS=0x0000000000010202

Top of Stack: (sp=0x000000cc589fccf0)
0x000000cc589fccf0:   0000000000000000 0000000000000000
0x000000cc589fcd00:   0000000000000000 000001e9990e9800
0x000000cc589fcd10:   000000cc589fce90 0000000000000000
0x000000cc589fcd20:   000001e9990e9800 000001e9990d8ba0
0x000000cc589fcd30:   000001e9bbace8e0 000001e9bbace8e0
0x000000cc589fcd40:   000001e9990b6510 000000006368bda5
0x000000cc589fcd50:   000000cc589fd630 000001e9990b6d90
0x000000cc589fcd60:   000001e9990e9800 000000cc589fce90
0x000000cc589fcd70:   000001e9bbace8e0 0000000000000000
0x000000cc589fcd80:   000001e9b9b220ec 0000000000000248
0x000000cc589fcd90:   000000cc589fce58 000001e9bbcc248f
0x000000cc589fcda0:   000001e9bbe10090 000001e9bbe10090
0x000000cc589fcdb0:   000000000000ac44 000001e900000004
0x000000cc589fcdc0:   000001e99ac37bd0 000001e99ac4964e
0x000000cc589fcdd0:   000001e9bbace8e0 000000cc589fcdd8
0x000000cc589fcde0:   000001e99ac37bd0 000001e99ac4935b 

Instructions: (pc=0x000001e9bbcc1066)
0x000001e9bbcc1046:   41 2b ec 81 3a 03 00 02 00 75 09 8b 01 89 84 24
0x000001e9bbcc1056:   c8 00 00 00 49 83 c0 02 48 83 c1 08 4a 8d 14 86
0x000001e9bbcc1066:   39 3a 75 af 4c 8d 84 24 c0 00 00 00 48 8d 15 d7
0x000001e9bbcc1076:   2b 03 00 33 c9 e8 58 5f 00 00 b8 40 1f 00 00 4c 


Register to memory mapping:

RAX=0x0000000000000004 is an unknown value
RBX=0x000001e9bbe10090 is an unknown value
RCX=0x000001e9b9b2d008 is an unknown value
RDX=0x000001e9b9b2d004 is an unknown value
RSP=0x000000cc589fccf0 is pointing into the stack for thread: 0x000001e9990e9800
RBP=0x00000000000000ff is an unknown value
RSI=0x000001e9b9b220ec is an unknown value
RDI=0x0000000000000000 is an unknown value
R8 =0x0000000000002bc6 is an unknown value
R9 =0x000001e9b9b220ec is an unknown value
R10=0x000001e99ac49622 is at code_begin+962 in an Interpreter codelet
method entry point (kind = native)  [0x000001e99ac49260, 0x000001e99ac49d00]  2720 bytes
R11=0x00000000637f57b0 is an unknown value
R12=0x0000000000000001 is an unknown value
R13={method} {0x000001e9bbace8e8} 'nalcCreateContext' '(JJ)J' in 'org/lwjgl/openal/ALC10'
R14=0x000000cc589fce90 is pointing into the stack for thread: 0x000001e9990e9800
R15=0x000001e9990e9800 is a thread


Stack: [0x000000cc58900000,0x000000cc58a00000],  sp=0x000000cc589fccf0,  free space=1011k
Native frames: (J=compiled Java code, j=interpreted, Vv=VM code, C=native code)
C  [OpenAL64.dll+0x11066]
C  [OpenAL64.dll+0x1248f]
C  0x000001e99ac4964e

Java frames: (J=compiled Java code, j=interpreted, Vv=VM code)
j  org.lwjgl.openal.ALC10.nalcCreateContext(JJ)J+0
j  org.lwjgl.openal.ALC10.alcCreateContext(Lorg/lwjgl/openal/ALCdevice;Ljava/nio/IntBuffer;)Lorg/lwjgl/openal/ALCcontext;+8
j  org.lwjgl.openal.AL.init(Ljava/lang/String;IIZZ)V+69
j  org.lwjgl.openal.AL.create(Ljava/lang/String;IIZZ)V+246
j  org.lwjgl.openal.AL.create(Ljava/lang/String;IIZ)V+5
j  org.lwjgl.openal.AL.create()V+6
j  com.badlogic.gdx.backends.lwjgl.audio.OpenALAudio.<init>(III)V+114
j  com.badlogic.gdx.backends.lwjgl.LwjglApplication.<init>(Lcom/badlogic/gdx/ApplicationListener;Lcom/badlogic/gdx/backends/lwjgl/LwjglApplicationConfiguration;Lcom/badlogic/gdx/backends/lwjgl/LwjglGraphics;)V+120
j  com.badlogic.gdx.backends.lwjgl.LwjglApplication.<init>(Lcom/badlogic/gdx/ApplicationListener;Lcom/badlogic/gdx/backends/lwjgl/LwjglApplicationConfiguration;)V+11
j  org.uqbar.project.wollok.game.gameboard.WollokGDXApplication.<init>(Lorg/uqbar/project/wollok/game/gameboard/Gameboard;Ljava/lang/Boolean;)V+17
j  org.uqbar.project.wollok.game.helpers.Application.start(Lorg/uqbar/project/wollok/game/gameboard/Gameboard;Ljava/lang/Boolean;)V+5
j  org.uqbar.project.wollok.game.gameboard.Gameboard.start(Ljava/lang/Boolean;)V+13
j  wollok.game.GameObject.doStart(Ljava/lang/Boolean;)V+12
v  ~StubRoutines::call_stub
j  sun.reflect.NativeMethodAccessorImpl.invoke0(Ljava/lang/reflect/Method;Ljava/lang/Object;[Ljava/lang/Object;)Ljava/lang/Object;+0
j  sun.reflect.NativeMethodAccessorImpl.invoke(Ljava/lang/Object;[Ljava/lang/Object;)Ljava/lang/Object;+100
J 2721 C1 sun.reflect.DelegatingMethodAccessorImpl.invoke(Ljava/lang/Object;[Ljava/lang/Object;)Ljava/lang/Object; (10 bytes) @ 0x000001e99b4e7e4c [0x000001e99b4e7d40+0x10c]
J 2720 C1 java.lang.reflect.Method.invoke(Ljava/lang/Object;[Ljava/lang/Object;)Ljava/lang/Object; (62 bytes) @ 0x000001e99b4e7874 [0x000001e99b4e7480+0x3f4]
j  org.uqbar.project.wollok.ui.utils.XTendUtilExtensions.invokeConvertingArgs(Ljava/lang/reflect/Method;Ljava/lang/Object;[Ljava/lang/Object;)Lorg/uqbar/project/wollok/interpreter/core/WollokObject;+261
j  org.uqbar.project.wollok.interpreter.AbstractWollokCallable._invokeNative(Ljava/lang/Object;Ljava/lang/String;[Lorg/uqbar/project/wollok/interpreter/core/WollokObject;)Lorg/uqbar/project/wollok/interpreter/core/WollokObject;+41
j  org.uqbar.project.wollok.interpreter.AbstractWollokCallable.invokeNative(Ljava/lang/Object;Ljava/lang/String;[Lorg/uqbar/project/wollok/interpreter/core/WollokObject;)Lorg/uqbar/project/wollok/interpreter/core/WollokObject;+26
j  org.uqbar.project.wollok.interpreter.AbstractWollokCallable$1.apply()Lorg/uqbar/project/wollok/interpreter/core/WollokObject;+55
j  org.uqbar.project.wollok.interpreter.AbstractWollokCallable$1.apply()Ljava/lang/Object;+1
j  org.uqbar.project.wollok.interpreter.threads.WThread.performOnStack(Lorg/eclipse/emf/ecore/EObject;Lorg/uqbar/project/wollok/interpreter/context/EvaluationContext;Lorg/eclipse/xtext/xbase/lib/Functions$Function0;)Lorg/uqbar/project/wollok/interpreter/core/WollokObject;+29
j  org.uqbar.project.wollok.interpreter.WollokInterpreter.performOnStack(Lorg/eclipse/emf/ecore/EObject;Lorg/uqbar/project/wollok/interpreter/context/EvaluationContext;Lorg/eclipse/xtext/xbase/lib/Functions$Function0;)Lorg/uqbar/project/wollok/interpreter/core/WollokObject;+7
j  org.uqbar.project.wollok.interpreter.AbstractWollokCallable.call(Lorg/uqbar/project/wollok/wollokDsl/WMethodDeclaration;[Lorg/uqbar/project/wollok/interpreter/core/WollokObject;)Lorg/uqbar/project/wollok/interpreter/core/WollokObject;+38
j  org.uqbar.project.wollok.interpreter.core.WollokObject.call(Ljava/lang/String;[Lorg/uqbar/project/wollok/interpreter/core/WollokObject;)Lorg/uqbar/project/wollok/interpreter/core/WollokObject;+55
j  org.uqbar.project.wollok.interpreter.WollokInterpreterEvaluator._evaluate(Lorg/uqbar/project/wollok/wollokDsl/WFeatureCall;)Lorg/uqbar/project/wollok/interpreter/core/WollokObject;+119
j  org.uqbar.project.wollok.launch.WollokLauncherInterpreterEvaluator.evaluate(Lorg/eclipse/emf/ecore/EObject;)Lorg/uqbar/project/wollok/interpreter/core/WollokObject;+412
j  org.uqbar.project.wollok.interpreter.WollokInterpreterEvaluator.evaluate(Lorg/eclipse/emf/ecore/EObject;)Ljava/lang/Object;+2
j  org.uqbar.project.wollok.interpreter.WollokInterpreter.eval(Lorg/eclipse/emf/ecore/EObject;)Lorg/uqbar/project/wollok/interpreter/core/WollokObject;+63
j  org.uqbar.project.wollok.interpreter.WollokInterpreterEvaluator.eval(Lorg/eclipse/emf/ecore/EObject;)Lorg/uqbar/project/wollok/interpreter/core/WollokObject;+5
j  org.uqbar.project.wollok.interpreter.WollokInterpreterEvaluator$1.apply(Lorg/uqbar/project/wollok/interpreter/core/WollokObject;Lorg/eclipse/emf/ecore/EObject;)Lorg/uqbar/project/wollok/interpreter/core/WollokObject;+5
j  org.uqbar.project.wollok.interpreter.WollokInterpreterEvaluator$1.apply(Ljava/lang/Object;Ljava/lang/Object;)Ljava/lang/Object;+9
j  org.eclipse.xtext.xbase.lib.IteratorExtensions.fold(Ljava/util/Iterator;Ljava/lang/Object;Lorg/eclipse/xtext/xbase/lib/Functions$Function2;)Ljava/lang/Object;+19
j  org.eclipse.xtext.xbase.lib.IterableExtensions.fold(Ljava/lang/Iterable;Ljava/lang/Object;Lorg/eclipse/xtext/xbase/lib/Functions$Function2;)Ljava/lang/Object;+8
j  org.uqbar.project.wollok.interpreter.WollokInterpreterEvaluator.evalAll(Ljava/lang/Iterable;)Lorg/uqbar/project/wollok/interpreter/core/WollokObject;+12
j  org.uqbar.project.wollok.interpreter.WollokInterpreterEvaluator._evaluate(Lorg/uqbar/project/wollok/wollokDsl/WBlockExpression;)Lorg/uqbar/project/wollok/interpreter/core/WollokObject;+34
j  org.uqbar.project.wollok.launch.WollokLauncherInterpreterEvaluator.evaluate(Lorg/eclipse/emf/ecore/EObject;)Lorg/uqbar/project/wollok/interpreter/core/WollokObject;+76
j  org.uqbar.project.wollok.interpreter.WollokInterpreterEvaluator.evaluate(Lorg/eclipse/emf/ecore/EObject;)Ljava/lang/Object;+2
j  org.uqbar.project.wollok.interpreter.WollokInterpreter.eval(Lorg/eclipse/emf/ecore/EObject;)Lorg/uqbar/project/wollok/interpreter/core/WollokObject;+63
j  org.uqbar.project.wollok.interpreter.AbstractWollokCallable.eval(Lorg/eclipse/emf/ecore/EObject;)Lorg/uqbar/project/wollok/interpreter/core/WollokObject;+5
j  org.uqbar.project.wollok.interpreter.AbstractWollokCallable$1.apply()Lorg/uqbar/project/wollok/interpreter/core/WollokObject;+110
j  org.uqbar.project.wollok.interpreter.AbstractWollokCallable$1.apply()Ljava/lang/Object;+1
j  org.uqbar.project.wollok.interpreter.threads.WThread.performOnStack(Lorg/eclipse/emf/ecore/EObject;Lorg/uqbar/project/wollok/interpreter/context/EvaluationContext;Lorg/eclipse/xtext/xbase/lib/Functions$Function0;)Lorg/uqbar/project/wollok/interpreter/core/WollokObject;+29
j  org.uqbar.project.wollok.interpreter.WollokInterpreter.performOnStack(Lorg/eclipse/emf/ecore/EObject;Lorg/uqbar/project/wollok/interpreter/context/EvaluationContext;Lorg/eclipse/xtext/xbase/lib/Functions$Function0;)Lorg/uqbar/project/wollok/interpreter/core/WollokObject;+7
j  org.uqbar.project.wollok.interpreter.AbstractWollokCallable.call(Lorg/uqbar/project/wollok/wollokDsl/WMethodDeclaration;[Lorg/uqbar/project/wollok/interpreter/core/WollokObject;)Lorg/uqbar/project/wollok/interpreter/core/WollokObject;+38
j  org.uqbar.project.wollok.interpreter.core.WollokObject.call(Ljava/lang/String;[Lorg/uqbar/project/wollok/interpreter/core/WollokObject;)Lorg/uqbar/project/wollok/interpreter/core/WollokObject;+55
j  org.uqbar.project.wollok.interpreter.WollokInterpreterEvaluator._evaluate(Lorg/uqbar/project/wollok/wollokDsl/WFeatureCall;)Lorg/uqbar/project/wollok/interpreter/core/WollokObject;+119
j  org.uqbar.project.wollok.launch.WollokLauncherInterpreterEvaluator.evaluate(Lorg/eclipse/emf/ecore/EObject;)Lorg/uqbar/project/wollok/interpreter/core/WollokObject;+412
j  org.uqbar.project.wollok.interpreter.WollokInterpreterEvaluator.evaluate(Lorg/eclipse/emf/ecore/EObject;)Ljava/lang/Object;+2
j  org.uqbar.project.wollok.interpreter.WollokInterpreter.eval(Lorg/eclipse/emf/ecore/EObject;)Lorg/uqbar/project/wollok/interpreter/core/WollokObject;+63
j  org.uqbar.project.wollok.interpreter.WollokInterpreterEvaluator.eval(Lorg/eclipse/emf/ecore/EObject;)Lorg/uqbar/project/wollok/interpreter/core/WollokObject;+5
j  org.uqbar.project.wollok.interpreter.WollokInterpreterEvaluator$1.apply(Lorg/uqbar/project/wollok/interpreter/core/WollokObject;Lorg/eclipse/emf/ecore/EObject;)Lorg/uqbar/project/wollok/interpreter/core/WollokObject;+5
j  org.uqbar.project.wollok.interpreter.WollokInterpreterEvaluator$1.apply(Ljava/lang/Object;Ljava/lang/Object;)Ljava/lang/Object;+9
j  org.eclipse.xtext.xbase.lib.IteratorExtensions.fold(Ljava/util/Iterator;Ljava/lang/Object;Lorg/eclipse/xtext/xbase/lib/Functions$Function2;)Ljava/lang/Object;+19
j  org.eclipse.xtext.xbase.lib.IterableExtensions.fold(Ljava/lang/Iterable;Ljava/lang/Object;Lorg/eclipse/xtext/xbase/lib/Functions$Function2;)Ljava/lang/Object;+8
j  org.uqbar.project.wollok.interpreter.WollokInterpreterEvaluator.evalAll(Ljava/lang/Iterable;)Lorg/uqbar/project/wollok/interpreter/core/WollokObject;+12
j  org.uqbar.project.wollok.interpreter.WollokInterpreterEvaluator._evaluate(Lorg/uqbar/project/wollok/wollokDsl/WProgram;)Lorg/uqbar/project/wollok/interpreter/core/WollokObject;+18
j  org.uqbar.project.wollok.launch.WollokLauncherInterpreterEvaluator.evaluate(Lorg/eclipse/emf/ecore/EObject;)Lorg/uqbar/project/wollok/interpreter/core/WollokObject;+444
j  org.uqbar.project.wollok.interpreter.WollokInterpreterEvaluator.evaluate(Lorg/eclipse/emf/ecore/EObject;)Ljava/lang/Object;+2
j  org.uqbar.project.wollok.interpreter.WollokInterpreter.eval(Lorg/eclipse/emf/ecore/EObject;)Lorg/uqbar/project/wollok/interpreter/core/WollokObject;+63
j  org.uqbar.project.wollok.interpreter.WollokInterpreterEvaluator.eval(Lorg/eclipse/emf/ecore/EObject;)Lorg/uqbar/project/wollok/interpreter/core/WollokObject;+5
j  org.uqbar.project.wollok.launch.WollokLauncherInterpreterEvaluator._evaluate(Lorg/uqbar/project/wollok/wollokDsl/WFile;)Lorg/uqbar/project/wollok/interpreter/core/WollokObject;+32
j  org.uqbar.project.wollok.launch.WollokLauncherInterpreterEvaluator.evaluate(Lorg/eclipse/emf/ecore/EObject;)Lorg/uqbar/project/wollok/interpreter/core/WollokObject;+428
j  org.uqbar.project.wollok.interpreter.WollokInterpreterEvaluator.evaluate(Lorg/eclipse/emf/ecore/EObject;)Ljava/lang/Object;+2
j  org.uqbar.project.wollok.interpreter.WollokInterpreter.interpret(Lorg/eclipse/emf/ecore/EObject;Ljava/lang/Boolean;)Lorg/uqbar/project/wollok/interpreter/core/WollokObject;+25
j  org.uqbar.project.wollok.interpreter.WollokInterpreter.interpret(Lorg/eclipse/emf/ecore/EObject;)Lorg/uqbar/project/wollok/interpreter/core/WollokObject;+8
j  org.uqbar.project.wollok.launch.WollokLauncher.doSomething(Lorg/uqbar/project/wollok/wollokDsl/WFile;Lcom/google/inject/Injector;Ljava/io/File;Lorg/uqbar/project/wollok/launch/WollokLauncherParameters;)V+109
j  org.uqbar.project.wollok.launch.WollokChecker.launch(Ljava/lang/String;Lorg/uqbar/project/wollok/launch/WollokLauncherParameters;)V+31
j  org.uqbar.project.wollok.launch.WollokChecker.doMain([Ljava/lang/String;)V+205
j  org.uqbar.project.wollok.launch.WollokLauncher.main([Ljava/lang/String;)V+8
v  ~StubRoutines::call_stub

---------------  P R O C E S S  ---------------

Java Threads: ( => current thread )
  0x000001e9b7bd4000 JavaThread "com.google.inject.internal.util.$Finalizer" daemon [_thread_blocked, id=14064, stack(0x000000cc59e00000,0x000000cc59f00000)]
  0x000001e9b79ac800 JavaThread "EMF Reference Cleaner" daemon [_thread_blocked, id=5892, stack(0x000000cc59d00000,0x000000cc59e00000)]
  0x000001e9b528e800 JavaThread "Service Thread" daemon [_thread_blocked, id=15368, stack(0x000000cc59b00000,0x000000cc59c00000)]
  0x000001e9b5237800 JavaThread "C1 CompilerThread3" daemon [_thread_blocked, id=17380, stack(0x000000cc59a00000,0x000000cc59b00000)]
  0x000001e9b524a800 JavaThread "C2 CompilerThread2" daemon [_thread_blocked, id=14832, stack(0x000000cc59900000,0x000000cc59a00000)]
  0x000001e9b5219000 JavaThread "C2 CompilerThread1" daemon [_thread_blocked, id=11212, stack(0x000000cc59800000,0x000000cc59900000)]
  0x000001e9b5217000 JavaThread "C2 CompilerThread0" daemon [_thread_blocked, id=7156, stack(0x000000cc59700000,0x000000cc59800000)]
  0x000001e9b5228800 JavaThread "Attach Listener" daemon [_thread_blocked, id=8828, stack(0x000000cc59600000,0x000000cc59700000)]
  0x000001e9b5227800 JavaThread "Signal Dispatcher" daemon [_thread_blocked, id=19004, stack(0x000000cc59500000,0x000000cc59600000)]
  0x000001e9b51f9000 JavaThread "Finalizer" daemon [_thread_blocked, id=13856, stack(0x000000cc59400000,0x000000cc59500000)]
  0x000001e9b51f1000 JavaThread "Reference Handler" daemon [_thread_blocked, id=7384, stack(0x000000cc59300000,0x000000cc59400000)]
=>0x000001e9990e9800 JavaThread "main" [_thread_in_native, id=19068, stack(0x000000cc58900000,0x000000cc58a00000)]

Other Threads:
  0x000001e9b51c7800 VMThread [stack: 0x000000cc59200000,0x000000cc59300000] [id=13000]
  0x000001e9b7098800 WatcherThread [stack: 0x000000cc59c00000,0x000000cc59d00000] [id=12776]

VM state:not at safepoint (normal execution)

VM Mutex/Monitor currently owned by a thread: None

heap address: 0x00000006a0c00000, size: 4596 MB, Compressed Oops mode: Zero based, Oop shift amount: 3
Narrow klass base: 0x0000000000000000, Narrow klass shift: 3
Compressed class space size: 1073741824 Address: 0x00000007c0000000

Heap:
 PSYoungGen      total 86016K, used 2802K [0x0000000760400000, 0x000000076ac00000, 0x00000007c0000000)
  eden space 73728K, 3% used [0x0000000760400000,0x00000007606bcae8,0x0000000764c00000)
  from space 12288K, 0% used [0x0000000764c00000,0x0000000764c00000,0x0000000765800000)
  to   space 12288K, 0% used [0x000000076a000000,0x000000076a000000,0x000000076ac00000)
 ParOldGen       total 150528K, used 19414K [0x00000006a0c00000, 0x00000006a9f00000, 0x0000000760400000)
  object space 150528K, 12% used [0x00000006a0c00000,0x00000006a1ef5ba8,0x00000006a9f00000)
 Metaspace       used 21160K, capacity 21394K, committed 21504K, reserved 1069056K
  class space    used 2701K, capacity 2783K, committed 2816K, reserved 1048576K

Card table byte_map: [0x000001e9a9ff0000,0x000001e9aa8f0000] byte_map_base: 0x000001e9a6aea000

Marking Bits: (ParMarkBitMap*) 0x0000000063de2850
 Begin Bits: [0x000001e9aaef0000, 0x000001e9af6c0000)
 End Bits:   [0x000001e9af6c0000, 0x000001e9b3e90000)

Polling page: 0x000001e999350000

CodeCache: size=245760Kb used=10370Kb max_used=10375Kb free=235389Kb
 bounds [0x000001e99ac30000, 0x000001e99b660000, 0x000001e9a9c30000]
 total_blobs=3624 nmethods=3181 adapters=354
 compilation: enabled

Compilation events (10 events):
Event: 4.015 Thread 0x000001e9b5237800 nmethod 3187 0x000001e99b64c050 code [0x000001e99b64c1c0, 0x000001e99b64c350]
Event: 4.016 Thread 0x000001e9b524a800 nmethod 3163 0x000001e99b657b50 code [0x000001e99b657d00, 0x000001e99b658990]
Event: 4.033 Thread 0x000001e9b5237800 3188       3       java.nio.DirectByteBuffer::put (18 bytes)
Event: 4.033 Thread 0x000001e9b5237800 nmethod 3188 0x000001e99b657290 code [0x000001e99b657400, 0x000001e99b657678]
Event: 4.033 Thread 0x000001e9b5237800 3189       3       java.nio.DirectByteBuffer::ix (10 bytes)
Event: 4.034 Thread 0x000001e9b5237800 nmethod 3189 0x000001e99b656f50 code [0x000001e99b6570a0, 0x000001e99b6571f8]
Event: 4.035 Thread 0x000001e9b5237800 3191       3       java.nio.DirectByteBuffer::put (18 bytes)
Event: 4.035 Thread 0x000001e9b5237800 nmethod 3191 0x000001e99b656a50 code [0x000001e99b656bc0, 0x000001e99b656e38]
Event: 4.035 Thread 0x000001e9b5237800 3192       1       java.nio.DirectByteBuffer::ix (10 bytes)
Event: 4.035 Thread 0x000001e9b5237800 nmethod 3192 0x000001e99b656790 code [0x000001e99b6568e0, 0x000001e99b6569f8]

GC Heap History (8 events):
Event: 1.575 GC heap before
{Heap before GC invocations=1 (full 0):
 PSYoungGen      total 86016K, used 73728K [0x0000000760400000, 0x0000000766400000, 0x00000007c0000000)
  eden space 73728K, 100% used [0x0000000760400000,0x0000000764c00000,0x0000000764c00000)
  from space 12288K, 0% used [0x0000000765800000,0x0000000765800000,0x0000000766400000)
  to   space 12288K, 0% used [0x0000000764c00000,0x0000000764c00000,0x0000000765800000)
 ParOldGen       total 196608K, used 0K [0x00000006a0c00000, 0x00000006acc00000, 0x0000000760400000)
  object space 196608K, 0% used [0x00000006a0c00000,0x00000006a0c00000,0x00000006acc00000)
 Metaspace       used 9804K, capacity 9896K, committed 9984K, reserved 1058816K
  class space    used 1172K, capacity 1204K, committed 1280K, reserved 1048576K
Event: 1.588 GC heap after
Heap after GC invocations=1 (full 0):
 PSYoungGen      total 86016K, used 12285K [0x0000000760400000, 0x0000000766400000, 0x00000007c0000000)
  eden space 73728K, 0% used [0x0000000760400000,0x0000000760400000,0x0000000764c00000)
  from space 12288K, 99% used [0x0000000764c00000,0x00000007657ff730,0x0000000765800000)
  to   space 12288K, 0% used [0x0000000765800000,0x0000000765800000,0x0000000766400000)
 ParOldGen       total 196608K, used 2074K [0x00000006a0c00000, 0x00000006acc00000, 0x0000000760400000)
  object space 196608K, 1% used [0x00000006a0c00000,0x00000006a0e06a48,0x00000006acc00000)
 Metaspace       used 9804K, capacity 9896K, committed 9984K, reserved 1058816K
  class space    used 1172K, capacity 1204K, committed 1280K, reserved 1048576K
}
Event: 2.840 GC heap before
{Heap before GC invocations=2 (full 0):
 PSYoungGen      total 86016K, used 86013K [0x0000000760400000, 0x0000000766400000, 0x00000007c0000000)
  eden space 73728K, 100% used [0x0000000760400000,0x0000000764c00000,0x0000000764c00000)
  from space 12288K, 99% used [0x0000000764c00000,0x00000007657ff730,0x0000000765800000)
  to   space 12288K, 0% used [0x0000000765800000,0x0000000765800000,0x0000000766400000)
 ParOldGen       total 196608K, used 2074K [0x00000006a0c00000, 0x00000006acc00000, 0x0000000760400000)
  object space 196608K, 1% used [0x00000006a0c00000,0x00000006a0e06a48,0x00000006acc00000)
 Metaspace       used 18480K, capacity 18696K, committed 18944K, reserved 1064960K
  class space    used 2423K, capacity 2506K, committed 2560K, reserved 1048576K
Event: 2.863 GC heap after
Heap after GC invocations=2 (full 0):
 PSYoungGen      total 86016K, used 12267K [0x0000000760400000, 0x000000076ac00000, 0x00000007c0000000)
  eden space 73728K, 0% used [0x0000000760400000,0x0000000760400000,0x0000000764c00000)
  from space 12288K, 99% used [0x0000000765800000,0x00000007663facc0,0x0000000766400000)
  to   space 12288K, 0% used [0x0000000764c00000,0x0000000764c00000,0x0000000765800000)
 ParOldGen       total 196608K, used 13331K [0x00000006a0c00000, 0x00000006acc00000, 0x0000000760400000)
  object space 196608K, 6% used [0x00000006a0c00000,0x00000006a1904c48,0x00000006acc00000)
 Metaspace       used 18480K, capacity 18696K, committed 18944K, reserved 1064960K
  class space    used 2423K, capacity 2506K, committed 2560K, reserved 1048576K
}
Event: 3.895 GC heap before
{Heap before GC invocations=3 (full 0):
 PSYoungGen      total 86016K, used 49758K [0x0000000760400000, 0x000000076ac00000, 0x00000007c0000000)
  eden space 73728K, 50% used [0x0000000760400000,0x000000076289ce30,0x0000000764c00000)
  from space 12288K, 99% used [0x0000000765800000,0x00000007663facc0,0x0000000766400000)
  to   space 12288K, 0% used [0x0000000764c00000,0x0000000764c00000,0x0000000765800000)
 ParOldGen       total 196608K, used 13331K [0x00000006a0c00000, 0x00000006acc00000, 0x0000000760400000)
  object space 196608K, 6% used [0x00000006a0c00000,0x00000006a1904c48,0x00000006acc00000)
 Metaspace       used 20944K, capacity 21202K, committed 21248K, reserved 1067008K
  class space    used 2671K, capacity 2783K, committed 2816K, reserved 1048576K
Event: 3.910 GC heap after
Heap after GC invocations=3 (full 0):
 PSYoungGen      total 86016K, used 12262K [0x0000000760400000, 0x000000076ac00000, 0x00000007c0000000)
  eden space 73728K, 0% used [0x0000000760400000,0x0000000760400000,0x0000000764c00000)
  from space 12288K, 99% used [0x0000000764c00000,0x00000007657f9880,0x0000000765800000)
  to   space 12288K, 0% used [0x000000076a000000,0x000000076a000000,0x000000076ac00000)
 ParOldGen       total 196608K, used 17314K [0x00000006a0c00000, 0x00000006acc00000, 0x0000000760400000)
  object space 196608K, 8% used [0x00000006a0c00000,0x00000006a1ce88f0,0x00000006acc00000)
 Metaspace       used 20944K, capacity 21202K, committed 21248K, reserved 1067008K
  class space    used 2671K, capacity 2783K, committed 2816K, reserved 1048576K
}
Event: 3.910 GC heap before
{Heap before GC invocations=4 (full 1):
 PSYoungGen      total 86016K, used 12262K [0x0000000760400000, 0x000000076ac00000, 0x00000007c0000000)
  eden space 73728K, 0% used [0x0000000760400000,0x0000000760400000,0x0000000764c00000)
  from space 12288K, 99% used [0x0000000764c00000,0x00000007657f9880,0x0000000765800000)
  to   space 12288K, 0% used [0x000000076a000000,0x000000076a000000,0x000000076ac00000)
 ParOldGen       total 196608K, used 17314K [0x00000006a0c00000, 0x00000006acc00000, 0x0000000760400000)
  object space 196608K, 8% used [0x00000006a0c00000,0x00000006a1ce88f0,0x00000006acc00000)
 Metaspace       used 20944K, capacity 21202K, committed 21248K, reserved 1067008K
  class space    used 2671K, capacity 2783K, committed 2816K, reserved 1048576K
Event: 3.993 GC heap after
Heap after GC invocations=4 (full 1):
 PSYoungGen      total 86016K, used 0K [0x0000000760400000, 0x000000076ac00000, 0x00000007c0000000)
  eden space 73728K, 0% used [0x0000000760400000,0x0000000760400000,0x0000000764c00000)
  from space 12288K, 0% used [0x0000000764c00000,0x0000000764c00000,0x0000000765800000)
  to   space 12288K, 0% used [0x000000076a000000,0x000000076a000000,0x000000076ac00000)
 ParOldGen       total 150528K, used 19414K [0x00000006a0c00000, 0x00000006a9f00000, 0x0000000760400000)
  object space 150528K, 12% used [0x00000006a0c00000,0x00000006a1ef5ba8,0x00000006a9f00000)
 Metaspace       used 20944K, capacity 21202K, committed 21248K, reserved 1067008K
  class space    used 2671K, capacity 2783K, committed 2816K, reserved 1048576K
}

Deoptimization events (10 events):
Event: 3.054 Thread 0x000001e9990e9800 Uncommon trap: reason=class_check action=maybe_recompile pc=0x000001e99b1c08fc method=org.eclipse.emf.common.util.AbstractEList$EIterator.doNext()Ljava/lang/Object; @ 13
Event: 3.055 Thread 0x000001e9990e9800 Uncommon trap: reason=unstable_if action=reinterpret pc=0x000001e99b285dd0 method=org.antlr.runtime.ANTLRStringStream.mark()I @ 4
Event: 3.055 Thread 0x000001e9990e9800 Uncommon trap: reason=class_check action=maybe_recompile pc=0x000001e99b31a9c8 method=org.eclipse.xtext.nodemodel.impl.NodeModelBuilder.addChild(Lorg/eclipse/xtext/nodemodel/ICompositeNode;Lorg/eclipse/xtext/nodemodel/impl/AbstractNode;)V @ 6
Event: 3.060 Thread 0x000001e9990e9800 Uncommon trap: reason=class_check action=maybe_recompile pc=0x000001e99b31a9c8 method=org.eclipse.xtext.nodemodel.impl.NodeModelBuilder.addChild(Lorg/eclipse/xtext/nodemodel/ICompositeNode;Lorg/eclipse/xtext/nodemodel/impl/AbstractNode;)V @ 6
Event: 3.061 Thread 0x000001e9990e9800 Uncommon trap: reason=unstable_if action=reinterpret pc=0x000001e99b331f4c method=java.util.HashMap.computeIfAbsent(Ljava/lang/Object;Ljava/util/function/Function;)Ljava/lang/Object; @ 44
Event: 3.078 Thread 0x000001e9990e9800 Uncommon trap: reason=class_check action=maybe_recompile pc=0x000001e99b31a9c8 method=org.eclipse.xtext.nodemodel.impl.NodeModelBuilder.addChild(Lorg/eclipse/xtext/nodemodel/ICompositeNode;Lorg/eclipse/xtext/nodemodel/impl/AbstractNode;)V @ 6
Event: 3.085 Thread 0x000001e9990e9800 Uncommon trap: reason=class_check action=maybe_recompile pc=0x000001e99b318598 method=org.eclipse.xtext.nodemodel.impl.NodeModelBuilder.addChild(Lorg/eclipse/xtext/nodemodel/ICompositeNode;Lorg/eclipse/xtext/nodemodel/impl/AbstractNode;)V @ 6
Event: 3.097 Thread 0x000001e9990e9800 Uncommon trap: reason=class_check action=maybe_recompile pc=0x000001e99b307d98 method=org.eclipse.xtext.nodemodel.impl.NodeModelBuilder.addChild(Lorg/eclipse/xtext/nodemodel/ICompositeNode;Lorg/eclipse/xtext/nodemodel/impl/AbstractNode;)V @ 6
Event: 3.265 Thread 0x000001e9990e9800 Uncommon trap: reason=unstable_if action=reinterpret pc=0x000001e99b1189f4 method=java.util.concurrent.ConcurrentHashMap.putVal(Ljava/lang/Object;Ljava/lang/Object;Z)Ljava/lang/Object; @ 181
Event: 3.639 Thread 0x000001e9990e9800 Uncommon trap: reason=unstable_if action=reinterpret pc=0x000001e99af602f8 method=java.io.WinNTFileSystem.normalize(Ljava/lang/String;)Ljava/lang/String; @ 49

Classes redefined (0 events):
No events

Internal exceptions (10 events):
Event: 3.431 Thread 0x000001e9990e9800 Exception <a 'java/lang/reflect/InvocationTargetException'> (0x0000000761d6eb18) thrown at [J:\jenkins\tmp\workspace\build\src\hotspot\src\share\vm\runtime\reflection.cpp, line 1092]
Event: 3.436 Thread 0x000001e9990e9800 Exception <a 'java/lang/reflect/InvocationTargetException'> (0x0000000761db0b88) thrown at [J:\jenkins\tmp\workspace\build\src\hotspot\src\share\vm\runtime\reflection.cpp, line 1092]
Event: 3.438 Thread 0x000001e9990e9800 Exception <a 'java/lang/reflect/InvocationTargetException'> (0x0000000761dccf60) thrown at [J:\jenkins\tmp\workspace\build\src\hotspot\src\share\vm\runtime\reflection.cpp, line 1092]
Event: 3.439 Thread 0x000001e9990e9800 Exception <a 'java/lang/reflect/InvocationTargetException'> (0x0000000761de9388) thrown at [J:\jenkins\tmp\workspace\build\src\hotspot\src\share\vm\runtime\reflection.cpp, line 1092]
Event: 4.048 Thread 0x000001e9990e9800 Exception <a 'java/security/PrivilegedActionException'> (0x000000076058f818) thrown at [J:\jenkins\tmp\workspace\build\src\hotspot\src\share\vm\prims\jvm.cpp, line 1524]
Event: 4.048 Thread 0x000001e9990e9800 Exception <a 'java/security/PrivilegedActionException'> (0x0000000760590d48) thrown at [J:\jenkins\tmp\workspace\build\src\hotspot\src\share\vm\prims\jvm.cpp, line 1524]
Event: 4.048 Thread 0x000001e9990e9800 Exception <a 'java/security/PrivilegedActionException'> (0x0000000760592178) thrown at [J:\jenkins\tmp\workspace\build\src\hotspot\src\share\vm\prims\jvm.cpp, line 1524]
Event: 4.048 Thread 0x000001e9990e9800 Exception <a 'java/security/PrivilegedActionException'> (0x0000000760593838) thrown at [J:\jenkins\tmp\workspace\build\src\hotspot\src\share\vm\prims\jvm.cpp, line 1524]
Event: 4.049 Thread 0x000001e9990e9800 Exception <a 'java/security/PrivilegedActionException'> (0x0000000760594c30) thrown at [J:\jenkins\tmp\workspace\build\src\hotspot\src\share\vm\prims\jvm.cpp, line 1524]
Event: 4.049 Thread 0x000001e9990e9800 Exception <a 'java/security/PrivilegedActionException'> (0x0000000760595ff8) thrown at [J:\jenkins\tmp\workspace\build\src\hotspot\src\share\vm\prims\jvm.cpp, line 1524]

Events (10 events):
Event: 4.091 loading class org/lwjgl/openal/ALCdevice
Event: 4.091 loading class org/lwjgl/openal/ALCdevice done
Event: 4.092 loading class org/lwjgl/openal/ALCcontext
Event: 4.092 loading class org/lwjgl/openal/ALCcontext done
Event: 4.093 loading class java/nio/DirectIntBufferU
Event: 4.093 loading class java/nio/DirectIntBufferU done
Event: 4.093 loading class org/lwjgl/openal/Util
Event: 4.093 loading class org/lwjgl/openal/Util done
Event: 4.094 loading class org/lwjgl/openal/OpenALException
Event: 4.094 loading class org/lwjgl/openal/OpenALException done


Dynamic libraries:
0x00007ff64f130000 - 0x00007ff64f16a000 	C:\Program Files\Eclipse Adoptium\jdk-8.0.345.1-hotspot\bin\javaw.exe
0x00007ff881a00000 - 0x00007ff881c09000 	C:\WINDOWS\SYSTEM32\ntdll.dll
0x00007ff881420000 - 0x00007ff8814dd000 	C:\WINDOWS\System32\KERNEL32.DLL
0x00007ff87ef90000 - 0x00007ff87f30b000 	C:\WINDOWS\System32\KERNELBASE.dll
0x00007ff8803a0000 - 0x00007ff88044e000 	C:\WINDOWS\System32\ADVAPI32.dll
0x00007ff880470000 - 0x00007ff880513000 	C:\WINDOWS\System32\msvcrt.dll
0x00007ff881150000 - 0x00007ff8811ee000 	C:\WINDOWS\System32\sechost.dll
0x00007ff880ff0000 - 0x00007ff881110000 	C:\WINDOWS\System32\RPCRT4.dll
0x00007ff87fad0000 - 0x00007ff87fc7d000 	C:\WINDOWS\System32\USER32.dll
0x00007ff87f690000 - 0x00007ff87f6b6000 	C:\WINDOWS\System32\win32u.dll
0x00007ff87fe20000 - 0x00007ff87fe49000 	C:\WINDOWS\System32\GDI32.dll
0x00007ff87f760000 - 0x00007ff87f878000 	C:\WINDOWS\System32\gdi32full.dll
0x00007ff87f6c0000 - 0x00007ff87f75d000 	C:\WINDOWS\System32\msvcp_win.dll
0x00007ff87f380000 - 0x00007ff87f491000 	C:\WINDOWS\System32\ucrtbase.dll
0x00007ff8733f0000 - 0x00007ff873695000 	C:\WINDOWS\WinSxS\amd64_microsoft.windows.common-controls_6595b64144ccf1df_6.0.22000.120_none_9d947278b86cc467\COMCTL32.dll
0x00007ff87f880000 - 0x00007ff87f8b1000 	C:\WINDOWS\System32\IMM32.DLL
0x00007ff84b830000 - 0x00007ff84b91f000 	C:\Program Files\Eclipse Adoptium\jdk-8.0.345.1-hotspot\jre\bin\msvcr120.dll
0x00007ff84b780000 - 0x00007ff84b826000 	C:\Program Files\Eclipse Adoptium\jdk-8.0.345.1-hotspot\jre\bin\msvcp120.dll
0x00000000635f0000 - 0x0000000063e61000 	C:\Program Files\Eclipse Adoptium\jdk-8.0.345.1-hotspot\jre\bin\server\jvm.dll
0x00007ff8806e0000 - 0x00007ff8806e8000 	C:\WINDOWS\System32\PSAPI.DLL
0x00007ff87b3d0000 - 0x00007ff87b3d9000 	C:\WINDOWS\SYSTEM32\WSOCK32.dll
0x00007ff876be0000 - 0x00007ff876bea000 	C:\WINDOWS\SYSTEM32\VERSION.dll
0x00007ff8789e0000 - 0x00007ff878a13000 	C:\WINDOWS\SYSTEM32\WINMM.dll
0x00007ff880330000 - 0x00007ff88039f000 	C:\WINDOWS\System32\WS2_32.dll
0x00007ff877f60000 - 0x00007ff877f6f000 	C:\Program Files\Eclipse Adoptium\jdk-8.0.345.1-hotspot\jre\bin\verify.dll
0x00007ff8716b0000 - 0x00007ff8716d9000 	C:\Program Files\Eclipse Adoptium\jdk-8.0.345.1-hotspot\jre\bin\java.dll
0x00007ff8731d0000 - 0x00007ff8731e6000 	C:\Program Files\Eclipse Adoptium\jdk-8.0.345.1-hotspot\jre\bin\zip.dll
0x00007ff880830000 - 0x00007ff880fe8000 	C:\WINDOWS\System32\SHELL32.dll
0x00007ff87cfc0000 - 0x00007ff87d825000 	C:\WINDOWS\SYSTEM32\windows.storage.dll
0x00007ff881630000 - 0x00007ff8819a7000 	C:\WINDOWS\System32\combase.dll
0x00007ff87ce50000 - 0x00007ff87cfb6000 	C:\WINDOWS\SYSTEM32\wintypes.dll
0x00007ff881330000 - 0x00007ff88141a000 	C:\WINDOWS\System32\SHCORE.dll
0x00007ff8812d0000 - 0x00007ff88132d000 	C:\WINDOWS\System32\shlwapi.dll
0x00007ff87ee00000 - 0x00007ff87ee21000 	C:\WINDOWS\SYSTEM32\profapi.dll
0x0000000065580000 - 0x0000000065616000 	C:\Users\judzi\AppData\Local\Temp\libgdxjudzi\12dfaa03\gdx64.dll
0x00007ff87e640000 - 0x00007ff87e658000 	C:\WINDOWS\SYSTEM32\CRYPTSP.dll
0x00007ff87deb0000 - 0x00007ff87dee5000 	C:\WINDOWS\system32\rsaenh.dll
0x00007ff87e4e0000 - 0x00007ff87e509000 	C:\WINDOWS\SYSTEM32\USERENV.dll
0x00007ff87e830000 - 0x00007ff87e857000 	C:\WINDOWS\SYSTEM32\bcrypt.dll
0x00007ff87f610000 - 0x00007ff87f68f000 	C:\WINDOWS\System32\bcryptprimitives.dll
0x00007ff87e630000 - 0x00007ff87e63c000 	C:\WINDOWS\SYSTEM32\CRYPTBASE.dll
0x00007ff8717b0000 - 0x00007ff8717ca000 	C:\Program Files\Eclipse Adoptium\jdk-8.0.345.1-hotspot\jre\bin\net.dll
0x00007ff87e3f0000 - 0x00007ff87e457000 	C:\WINDOWS\system32\mswsock.dll
0x00007ff87da80000 - 0x00007ff87daad000 	C:\WINDOWS\SYSTEM32\IPHLPAPI.DLL
0x00007ff880460000 - 0x00007ff880469000 	C:\WINDOWS\System32\NSI.dll
0x00007ff87b280000 - 0x00007ff87b299000 	C:\WINDOWS\SYSTEM32\dhcpcsvc6.DLL
0x00007ff87b740000 - 0x00007ff87b75e000 	C:\WINDOWS\SYSTEM32\dhcpcsvc.DLL
0x00007ff87daf0000 - 0x00007ff87dbd8000 	C:\WINDOWS\SYSTEM32\DNSAPI.dll
0x00007ff86e6b0000 - 0x00007ff86e6c2000 	C:\Program Files\Eclipse Adoptium\jdk-8.0.345.1-hotspot\jre\bin\nio.dll
0x0000000180000000 - 0x0000000180053000 	C:\Users\judzi\AppData\Local\Temp\libgdxjudzi\dc0f0009\lwjgl64.dll
0x00007ff84a9b0000 - 0x00007ff84aab1000 	C:\WINDOWS\SYSTEM32\OPENGL32.dll
0x00007ff877360000 - 0x00007ff87738d000 	C:\WINDOWS\SYSTEM32\GLU32.dll
0x00007ff87c6e0000 - 0x00007ff87c718000 	C:\WINDOWS\SYSTEM32\dxcore.dll
0x000001e9bbcb0000 - 0x000001e9bbd14000 	C:\Users\judzi\AppData\Local\Temp\libgdxjudzi\dc0f0009\OpenAL64.dll
0x00007ff87fc80000 - 0x00007ff87fe1a000 	C:\WINDOWS\System32\ole32.dll
0x00007ff87df50000 - 0x00007ff87df68000 	C:\WINDOWS\SYSTEM32\kernel.appcore.dll
0x00007ff87c5d0000 - 0x00007ff87c67c000 	C:\WINDOWS\system32\uxtheme.dll
0x00007ff881570000 - 0x00007ff881625000 	C:\WINDOWS\System32\clbcatq.dll
0x00007ff84b160000 - 0x00007ff84b202000 	C:\WINDOWS\SYSTEM32\dsound.dll
0x00007ff873b10000 - 0x00007ff873b39000 	C:\WINDOWS\SYSTEM32\winmmbase.dll
0x00007ff87eda0000 - 0x00007ff87eded000 	C:\WINDOWS\SYSTEM32\powrprof.dll
0x00007ff847800000 - 0x00007ff8478b1000 	C:\WINDOWS\SYSTEM32\ResampleDmo.DLL
0x00007ff8811f0000 - 0x00007ff8812c6000 	C:\WINDOWS\System32\OLEAUT32.dll
0x00007ff87a260000 - 0x00007ff87a26b000 	C:\WINDOWS\SYSTEM32\msdmo.dll
0x00007ff87ed80000 - 0x00007ff87ed93000 	C:\WINDOWS\SYSTEM32\UMPDC.dll
0x00007ff877770000 - 0x00007ff87780b000 	C:\WINDOWS\System32\MMDevApi.dll
0x00007ff87eb20000 - 0x00007ff87eb4c000 	C:\WINDOWS\System32\DEVOBJ.dll
0x00007ff87eb50000 - 0x00007ff87eb9c000 	C:\WINDOWS\SYSTEM32\cfgmgr32.dll
0x00007ff86f9b0000 - 0x00007ff86fb83000 	C:\WINDOWS\SYSTEM32\AUDIOSES.DLL
0x00007ff87ab90000 - 0x00007ff87adb1000 	C:\WINDOWS\SYSTEM32\dbghelp.dll

VM Arguments:
jvm_args: -Duser.language=es_AR -Dfile.encoding=UTF-8 
java_command: org.uqbar.project.wollok.launch.WollokLauncher -requestsPort 0 -eventsPort 0 -folder -dontValidate -coercingStrategy decimals -wf src/juego.wpgm -darkMode
java_class_path (initial): C:\Users\judzi\OneDrive\Documentos\2022\Paradigmas de programacion\OBJETOS\2022-tpgame-depede\bin;C:\Users\judzi\OneDrive\Escritorio\Wollok\plugins\com.ibm.icu_64.2.0.v20190507-1337.jar;C:\Users\judzi\OneDrive\Escritorio\Wollok\plugins\org.eclipse.xtext_2.20.0.v20191202-0915.jar;C:\Users\judzi\OneDrive\Escritorio\Wollok\plugins\org.eclipse.emf.ecore.xmi_2.16.0.v20190528-0725.jar;C:\Users\judzi\OneDrive\Escritorio\Wollok\plugins\org.eclipse.emf.ecore_2.20.0.v20190920-0401.jar;C:\Users\judzi\OneDrive\Escritorio\Wollok\plugins\org.eclipse.emf.common_2.17.0.v20190920-0401.jar;C:\Users\judzi\OneDrive\Escritorio\Wollok\plugins\org.antlr.runtime_3.2.0.v201101311130.jar;C:\Users\judzi\OneDrive\Escritorio\Wollok\plugins\com.google.inject_3.0.0.v201605172100.jar;C:\Users\judzi\OneDrive\Escritorio\Wollok\plugins\org.eclipse.emf.mwe.core_1.5.1.v20191121-1148.jar;C:\Users\judzi\OneDrive\Escritorio\Wollok\plugins\org.apache.commons.cli_1.2.0.v201404270220.jar;C:\Users\judzi\OneDrive\Escritorio\Wollok\plugins\org.eclipse.emf.mwe2.runtime_2.11.1.v20191121-1148.jar;C:\Users\judzi\OneDrive\Escritorio\Wollok\plugins\org.eclipse.emf.mwe.utils_1.5.1.v20191121-1148.jar;C:\Users\judzi\OneDrive\Escritorio\Wollok\plugins\org.eclipse.xtext.util_2.20.0.v20191202-0915.jar;C:\Users\judzi\OneDrive\Escritorio\Wollok\plugins\com.google.guava_27.1.0.v20190517-1946.jar;C:\Users\judzi\OneDrive\Escritorio\Wollok\plugins\javax.inject_1.0.0.v20091030.jar;C:\Users\judzi\OneDrive\Escritorio\Wollok\plugins\org.eclipse.xtext.generator_2.20.0.v20191202-0933.jar;C:\Users\judzi\OneDrive\Escritorio\Wollok\plugins\org.eclipse.xtext.xtext.generator_2.20.0.v20191202-0915.jar;C:\Users\judzi\OneDrive\Escritorio\Wollok\plugins\org.eclipse.xtext.xbase.lib_2.20.0.v20191202-0907.jar;C:\Users\judzi\OneDrive\Escritorio\Wollok\plugins\org.eclipse.emf.codegen.ecore_2.20.0.v20191012-0918.jar;C:\Users\judzi\OneDrive\Escritorio\Wollok\plugins\org.eclipse.emf.codegen_2.19.0.v20190821-1536.jar;C:\Use
Launcher Type: SUN_STANDARD

Environment Variables:
PATH=C:/Program Files/Eclipse Adoptium/jdk-8.0.345.1-hotspot/bin/../jre/bin/server;C:/Program Files/Eclipse Adoptium/jdk-8.0.345.1-hotspot/bin/../jre/bin;C:/Program Files/Eclipse Adoptium/jdk-8.0.345.1-hotspot/bin/../jre/lib/amd64;C:\Program Files\Eclipse Adoptium\jdk-8.0.345.1-hotspot\bin;C:\WINDOWS\system32;C:\WINDOWS;C:\WINDOWS\System32\Wbem;C:\WINDOWS\System32\WindowsPowerShell\v1.0\;C:\WINDOWS\System32\OpenSSH\;C:\Program Files\Git\cmd;C:\MinGW\bin;C:\Program Files (x86)\GnuWin32\bin;C:\Program Files\swipl\bin;C:\Program Files\dotnet\;C:\Users\judzi\AppData\Roaming\local\bin;C:\Users\judzi\AppData\Local\Microsoft\WindowsApps;C:\Users\judzi\AppData\Local\Programs\Microsoft VS Code\bin;C:\Users\judzi\AppData\Local\GitHubDesktop\bin;C:\Users\judzi\OneDrive\Escritorio\Wollok;
USERNAME=judzi
OS=Windows_NT
PROCESSOR_IDENTIFIER=AMD64 Family 23 Model 24 Stepping 1, AuthenticAMD



---------------  S Y S T E M  ---------------

OS: Windows 10.0 , 64 bit Build 22000 (10.0.22000.708)

CPU:total 8 (initial active 8) (8 cores per cpu, 1 threads per core) family 23 model 24 stepping 1, cmov, cx8, fxsr, mmx, sse, sse2, sse3, ssse3, sse4.1, sse4.2, popcnt, avx, avx2, aes, clmul, mmxext, 3dnowpref, lzcnt, sse4a, tsc, tscinvbit, tscinv, bmi1

Memory: 4k page, physical 18820712k(11736448k free), swap 21704296k(12923048k free)

vm_info: OpenJDK 64-Bit Server VM (25.345-b01) for windows-amd64 JRE (1.8.0_345-b01), built on Aug  2 2022 10:16:38 by "jenkins" with MS VC++ 12.0 (VS2013)

time: Tue Oct 25 11:43:20 2022
timezone: Hora estándar de Argentina
elapsed time: 4.149765 seconds (0d 0h 0m 4s)

